<?xml version="1.0" encoding="UTF-8"?>
<testsuite name="Cucumber" time="90.97" tests="1" skipped="0" failures="1" errors="0">
<testcase classname="Beymen Test" name="Beymen Test" time="90.521">
<failure type="org.openqa.selenium.NoSuchElementException" message="no such element: Unable to locate element: {&quot;method&quot;:&quot;xpath&quot;,&quot;selector&quot;:&quot;//span[@class='m-productPrice__salePrice']&quot;}
  (Session info: chrome=115.0.5790.171)
For documentation on this error, please visit: https://selenium.dev/exceptions/#no_such_element
Build info: version: '4.8.3', revision: 'e5e76298c3'
System info: os.name: 'Windows 10', os.arch: 'amd64', os.version: '10.0', java.version: '11.0.16.1'
Driver info: org.openqa.selenium.chrome.ChromeDriver
Command: [e2a8de3dd078a6e363634be38a989117, findElement {using=xpath, value=//span[@class='m-productPrice__salePrice']}]
Capabilities {acceptInsecureCerts: false, browserName: chrome, browserVersion: 115.0.5790.171, chrome: {chromedriverVersion: 114.0.5735.90 (386bc09e8f4f..., userDataDir: C:\Users\Yvz\AppData\Local\...}, goog:chromeOptions: {debuggerAddress: localhost:58273}, networkConnectionEnabled: false, pageLoadStrategy: normal, platformName: WINDOWS, proxy: Proxy(), se:cdp: ws://localhost:58273/devtoo..., se:cdpVersion: 115.0.5790.171, setWindowRect: true, strictFileInteractability: false, timeouts: {implicit: 0, pageLoad: 300000, script: 30000}, unhandledPromptBehavior: dismiss and notify, webauthn:extension:credBlob: true, webauthn:extension:largeBlob: true, webauthn:extension:minPinLength: true, webauthn:extension:prf: true, webauthn:virtualAuthenticators: true}
Session ID: e2a8de3dd078a6e363634be38a989117">
<![CDATA[org.openqa.selenium.NoSuchElementException: no such element: Unable to locate element: {"method":"xpath","selector":"//span[@class='m-productPrice__salePrice']"}
  (Session info: chrome=115.0.5790.171)
For documentation on this error, please visit: https://selenium.dev/exceptions/#no_such_element
Build info: version: '4.8.3', revision: 'e5e76298c3'
System info: os.name: 'Windows 10', os.arch: 'amd64', os.version: '10.0', java.version: '11.0.16.1'
Driver info: org.openqa.selenium.chrome.ChromeDriver
Command: [e2a8de3dd078a6e363634be38a989117, findElement {using=xpath, value=//span[@class='m-productPrice__salePrice']}]
Capabilities {acceptInsecureCerts: false, browserName: chrome, browserVersion: 115.0.5790.171, chrome: {chromedriverVersion: 114.0.5735.90 (386bc09e8f4f..., userDataDir: C:\Users\Yvz\AppData\Local\...}, goog:chromeOptions: {debuggerAddress: localhost:58273}, networkConnectionEnabled: false, pageLoadStrategy: normal, platformName: WINDOWS, proxy: Proxy(), se:cdp: ws://localhost:58273/devtoo..., se:cdpVersion: 115.0.5790.171, setWindowRect: true, strictFileInteractability: false, timeouts: {implicit: 0, pageLoad: 300000, script: 30000}, unhandledPromptBehavior: dismiss and notify, webauthn:extension:credBlob: true, webauthn:extension:largeBlob: true, webauthn:extension:minPinLength: true, webauthn:extension:prf: true, webauthn:virtualAuthenticators: true}
Session ID: e2a8de3dd078a6e363634be38a989117
	at java.base/jdk.internal.reflect.NativeConstructorAccessorImpl.newInstance0(Native Method)
	at java.base/jdk.internal.reflect.NativeConstructorAccessorImpl.newInstance(NativeConstructorAccessorImpl.java:62)
	at java.base/jdk.internal.reflect.DelegatingConstructorAccessorImpl.newInstance(DelegatingConstructorAccessorImpl.java:45)
	at java.base/java.lang.reflect.Constructor.newInstance(Constructor.java:490)
	at org.openqa.selenium.remote.codec.w3c.W3CHttpResponseCodec.createException(W3CHttpResponseCodec.java:200)
	at org.openqa.selenium.remote.codec.w3c.W3CHttpResponseCodec.decode(W3CHttpResponseCodec.java:133)
	at org.openqa.selenium.remote.codec.w3c.W3CHttpResponseCodec.decode(W3CHttpResponseCodec.java:53)
	at org.openqa.selenium.remote.HttpCommandExecutor.execute(HttpCommandExecutor.java:193)
	at org.openqa.selenium.remote.service.DriverCommandExecutor.invokeExecute(DriverCommandExecutor.java:183)
	at org.openqa.selenium.remote.service.DriverCommandExecutor.execute(DriverCommandExecutor.java:158)
	at org.openqa.selenium.remote.RemoteWebDriver.execute(RemoteWebDriver.java:543)
	at org.openqa.selenium.remote.ElementLocation$ElementFinder$2.findElement(ElementLocation.java:162)
	at org.openqa.selenium.remote.ElementLocation.findElement(ElementLocation.java:60)
	at org.openqa.selenium.remote.RemoteWebDriver.findElement(RemoteWebDriver.java:352)
	at org.openqa.selenium.remote.RemoteWebDriver.findElement(RemoteWebDriver.java:344)
	at org.openqa.selenium.support.pagefactory.DefaultElementLocator.findElement(DefaultElementLocator.java:70)
	at org.openqa.selenium.support.pagefactory.internal.LocatingElementHandler.invoke(LocatingElementHandler.java:39)
	at com.sun.proxy.$Proxy26.getText(Unknown Source)
	at stepDefinitions.BeymenStepDefinitions.urun_sayfasindaki_fiyat_ile_sepette_yer_alan_urunun_fiyatinin_dogrulugunu_karsilastirir(BeymenStepDefinitions.java:70)
	at âœ½.Urun sayfasindaki fiyat ile sepette yer alan urunun fiyatinin dogrulugunu karsilastirir(file:///C:/Users/Yvz/Desktop/GITHUB%20REPOSTORY/com.carrefour_java/src/test/resources/Beymen.feature:11)
]]>
</failure>
<system-out><![CDATA[
Given kullanici Beymen sayfasina gider......................................passed
Then Cerezleri kabul eder ve cinsiyet secimini yapar........................passed
And Beymen anasayfasinin acildigini kontrol eder............................passed
And Arama kutucuguna "aranacak Urun" kelimesini girer ve aratir.............passed
Then Sonuca gore sergilenen urunlerden rastgele bir urun secer..............passed
And Secilen urunu sepete ekler..............................................passed
And Urun sayfasindaki fiyat ile sepette yer alan urunun fiyatinin dogrulugunu karsilastirir.failed
And Adet sayisini arttirarak urun adedinin 2 oldugunu dogrular..............skipped
Then Urunu sepetten silerek sepetin bos oldugunu kontrol eder...............skipped
]]></system-out>
</testcase>
</testsuite>
